<?xml version="1.0" encoding="UTF-8"?>
<testng-results skipped="0" failed="0" ignored="0" total="1" passed="1">
  <reporter-output>
  </reporter-output>
  <suite name="Default suite" duration-ms="17824" started-at="2020-10-31T11:32:11Z" finished-at="2020-10-31T11:32:29Z">
    <groups>
    </groups>
    <test name="Default test" duration-ms="17824" started-at="2020-10-31T11:32:11Z" finished-at="2020-10-31T11:32:29Z">
      <class name="testcases.Login">
        <test-method status="PASS" signature="login()[pri:0, instance:testcases.Login@15761df8]" name="login" duration-ms="17758" started-at="2020-10-31T11:32:11Z" finished-at="2020-10-31T11:32:29Z">
          <reporter-output>
          </reporter-output>
        </test-method> <!-- login -->
      </class> <!-- testcases.Login -->
    </test> <!-- Default test -->
  </suite> <!-- Default suite -->
</testng-results>
